2020-09-08 06:10:21 ERROR AnonymousUser GET 404 /api/v1/member/home {} 
<!DOCTYPE html>
<html lang="en">
<head>
  <meta http-equiv="content-type" content="text/html; charset=utf-8">
  <title>Page not found at /api/v1/member/home</title>
  <meta name="robots" content="NONE,NOARCHIVE">
  <style type="text/css">
    html * { padding:0; margin:0; }
    body * { padding:10px 20px; }
    body * * { padding:0; }
    body { font:small sans-serif; background:#eee; }
    body>div { border-bottom:1px solid #ddd; }
    h1 { font-weight:normal; margin-bottom:.4em; }
    h1 span { font-size:60%; color:#666; font-weight:normal; }
    table { border:none; border-collapse: collapse; width:100%; }
    td, th { vertical-align:top; padding:2px 3px; }
    th { width:12em; text-align:right; color:#666; padding-right:.5em; }
    #info { background:#f6f6f6; }
    #info ol { margin: 0.5em 4em; }
    #info ol li { font-family: monospace; }
    #summary { background: #ffc; }
    #explanation { background:#eee; border-bottom: 0px none; }
  </style>
</head>
<body>
  <div id="summary">
    <h1>Page not found <span>(404)</span></h1>
    <table class="meta">
      <tr>
        <th>Request Method:</th>
        <td>GET</td>
      </tr>
      <tr>
        <th>Request URL:</th>
        <td>http://39.98.133.140/api/v1/member/home</td>
      </tr>
      
    </table>
  </div>
  <div id="info">
    
      <p>
      Using the URLconf defined in <code>clubmg.urls</code>,
      Django tried these URL patterns, in this order:
      </p>
      <ol>
        
          <li>
            
                ^admin/
                
            
          </li>
        
          <li>
            
                ^api/v1/
                
            
                ^token-auth$
                
            
          </li>
        
          <li>
            
                ^api/v1/
                
            
                ^useradd$
                
            
          </li>
        
          <li>
            
                ^api/v1/
                
            
                ^user$
                
            
          </li>
        
          <li>
            
                ^api/v1/
                
            
                ^user/password$
                
            
          </li>
        
          <li>
            
                ^api/v1/
                
            
                ^user/email$
                
            
          </li>
        
          <li>
            
                ^api/v1/
                
            
                ^user/photo$
                
            
          </li>
        
          <li>
            
                ^api/v1/
                
            
                ^user/(?P&lt;user_id&gt;[0-9]+)$
                
            
          </li>
        
          <li>
            
                ^api/v1/
                
            
                ^users$
                
            
          </li>
        
          <li>
            
                ^api/v1/
                
            
                ^user/privilege$
                
            
          </li>
        
          <li>
            
                ^api/v1/
                
            
                ^user/favorite/(?P&lt;pk_id&gt;[0-9]+)$
                
            
          </li>
        
          <li>
            
                ^api/v1/
                
            
                ^user/fivorite/root$
                
            
          </li>
        
          <li>
            
                ^api/v1/
                
            
                ^user/batchfavorite$
                
            
          </li>
        
          <li>
            
                ^api/v1/
                
            
                ^group/(?P&lt;pk_id&gt;[0-9]+)$
                
            
          </li>
        
          <li>
            
                ^api/v1/
                
            
                ^groups$
                
            
          </li>
        
          <li>
            
                ^api/v1/
                
            
                ^resource/(?P&lt;user_id_type&gt;(user|group))/(?P&lt;user_id&gt;[0-9]+)$
                
            
          </li>
        
          <li>
            
                ^api/v1/
                
            
                ^menumodules$
                
            
          </li>
        
          <li>
            
                ^api/v1/
                
            
                ^privileges$
                
            
          </li>
        
          <li>
            
                ^api/v1/
                
            
                ^privilege/bind/(?P&lt;user_id_type&gt;(user|group))/(?P&lt;user_id&gt;[0-9]+)$
                
            
          </li>
        
          <li>
            
                ^api/v1/
                
            
                ^athlete/(?P&lt;pk_id&gt;[0-9]+)$
                
            
          </li>
        
          <li>
            
                ^api/v1/
                
            
                ^athlete/baseinfo/(?P&lt;athlete_id&gt;[0-9a-z]{32})$
                
            
          </li>
        
          <li>
            
                ^api/v1/
                
            
                ^athletes$
                
            
          </li>
        
          <li>
            
                ^api/v1/
                
            
                ^athlete/company/(?P&lt;pk_id&gt;[0-9]+)$
                
            
          </li>
        
          <li>
            
                ^api/v1/
                
            
                ^athlete/companys$
                
            
          </li>
        
          <li>
            
                ^api/v1/
                
            
                ^athlete/sportevent/(?P&lt;pk_id&gt;[0-9]+)$
                
            
          </li>
        
          <li>
            
                ^api/v1/
                
            
                ^athlete/group/(?P&lt;pk_id&gt;[0-9]+)$
                
            
          </li>
        
          <li>
            
                ^api/v1/
                
            
                ^athlete/groups$
                
            
          </li>
        
          <li>
            
                ^api/v1/
                
            
                ^athlete/fitness/items$
                
            
          </li>
        
          <li>
            
                ^api/v1/
                
            
                ^athlete/fitness/datas$
                
            
          </li>
        
          <li>
            
                ^api/v1/
                
            
                ^athlete/fitness/data/(?P&lt;pk_id&gt;[0-9]+)$
                
            
          </li>
        
          <li>
            
                ^api/v1/
                
            
                ^athlete/worldrankinglist$
                
            
          </li>
        
          <li>
            
                ^api/v1/
                
            
                ^athlete/worldranking/(?P&lt;pk_id&gt;[0-9]+)$
                
            
          </li>
        
          <li>
            
                ^api/v1/
                
            
                ^athlete/olympicrankinglist$
                
            
          </li>
        
          <li>
            
                ^api/v1/
                
            
                ^athlete/olympicranking/(?P&lt;pk_id&gt;[0-9]+)$
                
            
          </li>
        
          <li>
            
                ^api/v1/
                
            
                ^athlete/overview/(?P&lt;pk_id&gt;[0-9]+)$
                
            
          </li>
        
          <li>
            
                ^api/v1/
                
            
                ^athlete/linkdocs/(?P&lt;pk_id&gt;[0-9]+)$
                
            
          </li>
        
          <li>
            
                ^api/v1/
                
            
                ^athlete/matchs/(?P&lt;pk_id&gt;[0-9]+)$
                
            
          </li>
        
          <li>
            
                ^api/v1/
                
            
                ^video/(?P&lt;pk_id&gt;[0-9]+)$
                
            
          </li>
        
          <li>
            
                ^api/v1/
                
            
                ^videos$
                
            
          </li>
        
          <li>
            
                ^api/v1/
                
            
                ^video/comment/(?P&lt;pk_id&gt;[0-9]+)$
                
            
          </li>
        
          <li>
            
                ^api/v1/
                
            
                ^video/comment/link$
                
            
          </li>
        
          <li>
            
                ^api/v1/
                
            
                ^video/batchshare$
                
            
          </li>
        
          <li>
            
                ^api/v1/
                
            
                ^video/batchshare/taskstate/(?P&lt;task_id&gt;[0-9a-z]{8}-[0-9a-z]{4}-[0-9a-z]{4}-[0-9a-z]{4}-[0-9a-z]{12})$
                
            
          </li>
        
          <li>
            
                ^api/v1/
                
            
                ^matchinfo/(?P&lt;pk_id&gt;[0-9]+)$
                
            
          </li>
        
          <li>
            
                ^api/v1/
                
            
                ^matchinfos$
                
            
          </li>
        
          <li>
            
                ^api/v1/
                
            
                ^matchlist$
                
            
          </li>
        
          <li>
            
                ^api/v1/
                
            
                ^matchlevel2list$
                
            
          </li>
        
          <li>
            
                ^api/v1/
                
            
                ^markdata/matchinfos$
                
            
          </li>
        
          <li>
            
                ^api/v1/
                
            
                ^markdata/show/(?P&lt;name&gt;(hits|scores|serverecord|playgroundrecord|goalrecord))/(?P&lt;match_id&gt;[0-9]{4}_[0-9]{4}_[0-9]{4})$
                
            
          </li>
        
          <li>
            
                ^api/v1/
                
            
                ^markdata/sync/(?P&lt;name&gt;(hits|scores|serverecord|playgroundrecord|goalrecord))/(?P&lt;match_id&gt;[0-9]{4}_[0-9]{4}_[0-9]{4})$
                
            
          </li>
        
          <li>
            
                ^api/v1/
                
            
                ^markdata/sync/(?P&lt;name&gt;(hits|scores))/(?P&lt;match_id&gt;[0-9]{4}_[0-9]{4}_[0-9]{4})/retry$
                
            
          </li>
        
          <li>
            
                ^api/v1/
                
            
                ^markdata/sync/(?P&lt;name&gt;(hits|scores))/(?P&lt;match_id&gt;[0-9]{4}_[0-9]{4}_[0-9]{4})/task$
                
            
          </li>
        
          <li>
            
                ^api/v1/
                
            
                ^markdata/sync/tasks$
                
            
          </li>
        
          <li>
            
                ^api/v1/
                
            
                ^docs/(?P&lt;module_id&gt;[a-zA-Z0-9_]+)(/)?$
                
            
          </li>
        
          <li>
            
                ^api/v1/
                
            
                ^docs/link/(?P&lt;module_id&gt;[a-zA-Z0-9_]+)(/)?$
                
            
          </li>
        
          <li>
            
                ^api/v1/
                
            
                ^history/(?P&lt;module_id&gt;[a-zA-Z0-9_]+)(/)?$
                
            
          </li>
        
          <li>
            
                ^api/v1/
                
            
                ^companylist$
                
            
          </li>
        
          <li>
            
                ^api/v1/
                
            
                ^sn/(?P&lt;type_id&gt;[a-z]+)$
                
            
          </li>
        
          <li>
            
                ^api/v1/
                
            
                ^test$
                
            
          </li>
        
          <li>
            
                ^api/v1/
                
            
                ^matchinfo/report/hits$
                
            
          </li>
        
          <li>
            
                ^api/v1/
                
            
                ^matchinfo/report/hits/sum$
                
            
          </li>
        
          <li>
            
                ^api/v1/
                
            
                ^matchinfo/report/scores$
                
            
          </li>
        
          <li>
            
                ^api/v1/
                
            
                ^matchinfo/report/winscores$
                
            
          </li>
        
          <li>
            
                ^api/v1/
                
            
                ^matchinfo/report/scores/table$
                
            
          </li>
        
          <li>
            
                ^api/v1/
                
            
                ^matchinfo/report/scores/details$
                
            
          </li>
        
          <li>
            
                ^api/v1/
                
            
                ^matchinfo/report/distance$
                
            
          </li>
        
          <li>
            
                ^api/v1/
                
            
                ^matchinfo/report/scores/distance$
                
            
          </li>
        
          <li>
            
                ^api/v1/
                
            
                ^matchinfo/report/speed$
                
            
          </li>
        
          <li>
            
                ^api/v1/
                
            
                ^matchinfo/report/beats$
                
            
          </li>
        
          <li>
            
                ^api/v1/
                
            
                ^matchinfo/report/double/serve$
                
            
          </li>
        
          <li>
            
                ^api/v1/
                
            
                ^matchinfo/report/serve$
                
            
          </li>
        
          <li>
            
                ^api/v1/
                
            
                ^matchinfo/report/double/start5beat$
                
            
          </li>
        
          <li>
            
                ^api/v1/
                
            
                ^athlete/report/worldrank$
                
            
          </li>
        
          <li>
            
                ^api/v1/
                
            
                ^athlete/report/olympicranking$
                
            
          </li>
        
          <li>
            
                ^api/v1/
                
            
                ^athlete/report/ranking/(?P&lt;pk_id&gt;[0-9]+)$
                
            
          </li>
        
          <li>
            
                ^api/v1/
                
            
                ^athlete/(?P&lt;athlete_id&gt;[0-9a-z]{32})/trainplan/(?P&lt;day&gt;[0-9]{4}-[0-9]{2}-[0-9]{2})$
                
            
          </li>
        
          <li>
            
                ^api/v1/
                
            
                ^athlete/trainplan/overview$
                
            
          </li>
        
          <li>
            
                ^api/v1/
                
            
                ^athlete/(?P&lt;athlete_id&gt;[0-9a-z]{32})/trainplan/empty$
                
            
          </li>
        
          <li>
            
                ^api/v1/
                
            
                ^project/(?P&lt;project&gt;[0-9])/trainplan/(?P&lt;day&gt;[0-9]{4}-[0-9]{2}-[0-9]{2})$
                
            
          </li>
        
          <li>
            
                ^api/v1/
                
            
                ^project/trainplan/overview$
                
            
          </li>
        
          <li>
            
                ^api/v1/
                
            
                ^athgroup/(?P&lt;ath_group_id&gt;[0-9]+)/trainplan/(?P&lt;day&gt;[0-9]{4}-[0-9]{2}-[0-9]{2})$
                
            
          </li>
        
          <li>
            
                ^api/v1/
                
            
                ^athgroup/trainplan/overview$
                
            
          </li>
        
          <li>
            
                ^api/v1/
                
            
                ^athlete/(?P&lt;athlete_id&gt;[0-9a-z]{32})/amounttrainplan/(?P&lt;day&gt;[0-9]{4}-[0-9]{2}-[0-9]{2})$
                
            
          </li>
        
          <li>
            
                ^api/v1/
                
            
                ^athlete/amounttrainplan/overview$
                
            
          </li>
        
      </ol>
      <p>
        
        The current path, <code>api/v1/member/home</code>, didn't match any of these.
      </p>
    
  </div>

  <div id="explanation">
    <p>
      You're seeing this error because you have <code>DEBUG = True</code> in
      your Django settings file. Change that to <code>False</code>, and Django
      will display a standard 404 page.
    </p>
  </div>
</body>
</html>

